<?xml version="1.0" encoding="UTF-8"?>
<!-- Generated by org.testng.reporters.JUnitReportReporter -->
<testsuite skipped="0" hostname="Satish-PC" name="mavenProject.Selenium.NewMain" tests="1" failures="0" timestamp="12 Oct 2018 02:19:35 GMT" time="1.009" errors="0">
  <testcase name="GetDataClass" time="1.009" classname="mavenProject.Selenium.NewMain"/>
</testsuite> <!-- mavenProject.Selenium.NewMain -->
